{"D:\\Tripzones\\src\\components\\Body.js": {"path":"D:\\Tripzones\\src\\components\\Body.js","statementMap":{"0":{"start":{"line":9,"column":13},"end":{"line":159,"column":1}},"1":{"start":{"line":10,"column":36},"end":{"line":10,"column":48}},"2":{"start":{"line":11,"column":38},"end":{"line":11,"column":50}},"3":{"start":{"line":12,"column":40},"end":{"line":12,"column":52}},"4":{"start":{"line":16,"column":2},"end":{"line":18,"column":9}},"5":{"start":{"line":17,"column":4},"end":{"line":17,"column":16}},"6":{"start":{"line":20,"column":20},"end":{"line":34,"column":3}},"7":{"start":{"line":21,"column":17},"end":{"line":23,"column":5}},"8":{"start":{"line":24,"column":21},"end":{"line":24,"column":38}},"9":{"start":{"line":26,"column":4},"end":{"line":29,"column":6}},"10":{"start":{"line":30,"column":4},"end":{"line":33,"column":6}},"11":{"start":{"line":35,"column":33},"end":{"line":35,"column":61}},"12":{"start":{"line":36,"column":23},"end":{"line":36,"column":40}},"13":{"start":{"line":37,"column":2},"end":{"line":37,"column":73}},"14":{"start":{"line":37,"column":30},"end":{"line":37,"column":73}},"15":{"start":{"line":38,"column":42},"end":{"line":38,"column":65}},"16":{"start":{"line":40,"column":2},"end":{"line":158,"column":4}},"17":{"start":{"line":52,"column":14},"end":{"line":52,"column":44}},"18":{"start":{"line":61,"column":35},"end":{"line":63,"column":15}},"19":{"start":{"line":62,"column":16},"end":{"line":62,"column":64}},"20":{"start":{"line":64,"column":14},"end":{"line":64,"column":43}},"21":{"start":{"line":74,"column":35},"end":{"line":76,"column":15}},"22":{"start":{"line":75,"column":25},"end":{"line":75,"column":47}},"23":{"start":{"line":77,"column":14},"end":{"line":77,"column":43}},"24":{"start":{"line":87,"column":14},"end":{"line":87,"column":40}},"25":{"start":{"line":111,"column":32},"end":{"line":111,"column":41}},"26":{"start":{"line":112,"column":16},"end":{"line":114,"column":19}},"27":{"start":{"line":113,"column":18},"end":{"line":113,"column":77}},"28":{"start":{"line":115,"column":16},"end":{"line":115,"column":42}},"29":{"start":{"line":130,"column":32},"end":{"line":130,"column":41}},"30":{"start":{"line":131,"column":16},"end":{"line":133,"column":19}},"31":{"start":{"line":132,"column":18},"end":{"line":132,"column":63}},"32":{"start":{"line":134,"column":16},"end":{"line":134,"column":42}},"33":{"start":{"line":144,"column":10},"end":{"line":154,"column":17}}},"fnMap":{"0":{"name":"(anonymous_0)","decl":{"start":{"line":9,"column":13},"end":{"line":9,"column":14}},"loc":{"start":{"line":9,"column":19},"end":{"line":159,"column":1}},"line":9},"1":{"name":"(anonymous_1)","decl":{"start":{"line":16,"column":12},"end":{"line":16,"column":13}},"loc":{"start":{"line":16,"column":18},"end":{"line":18,"column":3}},"line":16},"2":{"name":"(anonymous_2)","decl":{"start":{"line":20,"column":20},"end":{"line":20,"column":21}},"loc":{"start":{"line":20,"column":32},"end":{"line":34,"column":3}},"line":20},"3":{"name":"(anonymous_3)","decl":{"start":{"line":51,"column":22},"end":{"line":51,"column":23}},"loc":{"start":{"line":51,"column":29},"end":{"line":53,"column":13}},"line":51},"4":{"name":"(anonymous_4)","decl":{"start":{"line":57,"column":21},"end":{"line":57,"column":22}},"loc":{"start":{"line":57,"column":27},"end":{"line":65,"column":13}},"line":57},"5":{"name":"(anonymous_5)","decl":{"start":{"line":61,"column":52},"end":{"line":61,"column":53}},"loc":{"start":{"line":62,"column":16},"end":{"line":62,"column":64}},"line":62},"6":{"name":"(anonymous_6)","decl":{"start":{"line":73,"column":21},"end":{"line":73,"column":22}},"loc":{"start":{"line":73,"column":27},"end":{"line":78,"column":13}},"line":73},"7":{"name":"(anonymous_7)","decl":{"start":{"line":75,"column":16},"end":{"line":75,"column":17}},"loc":{"start":{"line":75,"column":25},"end":{"line":75,"column":47}},"line":75},"8":{"name":"(anonymous_8)","decl":{"start":{"line":86,"column":21},"end":{"line":86,"column":22}},"loc":{"start":{"line":86,"column":27},"end":{"line":88,"column":13}},"line":86},"9":{"name":"(anonymous_9)","decl":{"start":{"line":110,"column":23},"end":{"line":110,"column":24}},"loc":{"start":{"line":110,"column":29},"end":{"line":116,"column":15}},"line":110},"10":{"name":"(anonymous_10)","decl":{"start":{"line":112,"column":31},"end":{"line":112,"column":32}},"loc":{"start":{"line":112,"column":41},"end":{"line":114,"column":17}},"line":112},"11":{"name":"(anonymous_11)","decl":{"start":{"line":129,"column":23},"end":{"line":129,"column":24}},"loc":{"start":{"line":129,"column":29},"end":{"line":135,"column":15}},"line":129},"12":{"name":"(anonymous_12)","decl":{"start":{"line":131,"column":43},"end":{"line":131,"column":44}},"loc":{"start":{"line":131,"column":53},"end":{"line":133,"column":17}},"line":131},"13":{"name":"(anonymous_13)","decl":{"start":{"line":143,"column":25},"end":{"line":143,"column":26}},"loc":{"start":{"line":144,"column":10},"end":{"line":154,"column":17}},"line":144}},"branchMap":{"0":{"loc":{"start":{"line":37,"column":2},"end":{"line":37,"column":73}},"type":"if","locations":[{"start":{"line":37,"column":2},"end":{"line":37,"column":73}},{"start":{},"end":{}}],"line":37},"1":{"loc":{"start":{"line":40,"column":9},"end":{"line":158,"column":3}},"type":"cond-expr","locations":[{"start":{"line":41,"column":4},"end":{"line":41,"column":15}},{"start":{"line":43,"column":4},"end":{"line":157,"column":10}}],"line":40},"2":{"loc":{"start":{"line":113,"column":18},"end":{"line":113,"column":76}},"type":"cond-expr","locations":[{"start":{"line":113,"column":70},"end":{"line":113,"column":71}},{"start":{"line":113,"column":74},"end":{"line":113,"column":76}}],"line":113},"3":{"loc":{"start":{"line":132,"column":18},"end":{"line":132,"column":62}},"type":"cond-expr","locations":[{"start":{"line":132,"column":56},"end":{"line":132,"column":57}},{"start":{"line":132,"column":60},"end":{"line":132,"column":62}}],"line":132},"4":{"loc":{"start":{"line":149,"column":13},"end":{"line":153,"column":13}},"type":"cond-expr","locations":[{"start":{"line":150,"column":14},"end":{"line":150,"column":61}},{"start":{"line":152,"column":14},"end":{"line":152,"column":53}}],"line":149}},"s":{"0":1,"1":7,"2":7,"3":7,"4":7,"5":2,"6":7,"7":2,"8":2,"9":2,"10":2,"11":7,"12":7,"13":7,"14":0,"15":7,"16":7,"17":1,"18":1,"19":20,"20":1,"21":1,"22":20,"23":1,"24":0,"25":0,"26":0,"27":0,"28":0,"29":0,"30":0,"31":0,"32":0,"33":81},"f":{"0":7,"1":2,"2":2,"3":1,"4":1,"5":20,"6":1,"7":20,"8":0,"9":0,"10":0,"11":0,"12":0,"13":81},"b":{"0":[0,7],"1":[2,5],"2":[0,0],"3":[0,0],"4":[0,81]},"_coverageSchema":"1a1c01bbd47fc00a2c39e90264f33305004495a9","hash":"79032d276a53a3130f6416e9934824edfdbd47d5"}
,"D:\\Tripzones\\src\\components\\Cart.js": {"path":"D:\\Tripzones\\src\\components\\Cart.js","statementMap":{"0":{"start":{"line":5,"column":13},"end":{"line":36,"column":1}},"1":{"start":{"line":6,"column":15},"end":{"line":6,"column":55}},"2":{"start":{"line":6,"column":38},"end":{"line":6,"column":54}},"3":{"start":{"line":7,"column":19},"end":{"line":7,"column":32}},"4":{"start":{"line":8,"column":30},"end":{"line":10,"column":3}},"5":{"start":{"line":9,"column":4},"end":{"line":9,"column":26}},"6":{"start":{"line":11,"column":2},"end":{"line":35,"column":4}}},"fnMap":{"0":{"name":"(anonymous_0)","decl":{"start":{"line":5,"column":13},"end":{"line":5,"column":14}},"loc":{"start":{"line":5,"column":19},"end":{"line":36,"column":1}},"line":5},"1":{"name":"(anonymous_1)","decl":{"start":{"line":6,"column":27},"end":{"line":6,"column":28}},"loc":{"start":{"line":6,"column":38},"end":{"line":6,"column":54}},"line":6},"2":{"name":"(anonymous_2)","decl":{"start":{"line":8,"column":30},"end":{"line":8,"column":31}},"loc":{"start":{"line":8,"column":36},"end":{"line":10,"column":3}},"line":8}},"branchMap":{"0":{"loc":{"start":{"line":24,"column":9},"end":{"line":32,"column":9}},"type":"cond-expr","locations":[{"start":{"line":25,"column":10},"end":{"line":25,"column":35}},{"start":{"line":27,"column":10},"end":{"line":31,"column":16}}],"line":24}},"s":{"0":1,"1":4,"2":8,"3":4,"4":4,"5":1,"6":4},"f":{"0":4,"1":8,"2":1},"b":{"0":[2,2]},"_coverageSchema":"1a1c01bbd47fc00a2c39e90264f33305004495a9","hash":"bd25d5d62f613472ce890b8c09e527b4e6b61ff0"}
,"D:\\Tripzones\\src\\components\\Contact.js": {"path":"D:\\Tripzones\\src\\components\\Contact.js","statementMap":{"0":{"start":{"line":3,"column":16},"end":{"line":29,"column":1}},"1":{"start":{"line":4,"column":2},"end":{"line":28,"column":4}}},"fnMap":{"0":{"name":"(anonymous_0)","decl":{"start":{"line":3,"column":16},"end":{"line":3,"column":17}},"loc":{"start":{"line":3,"column":22},"end":{"line":29,"column":1}},"line":3}},"branchMap":{},"s":{"0":1,"1":3},"f":{"0":3},"b":{},"_coverageSchema":"1a1c01bbd47fc00a2c39e90264f33305004495a9","hash":"784aba5ce79e6f488b732ef23fda0c5c8e00d212"}
,"D:\\Tripzones\\src\\components\\Header.js": {"path":"D:\\Tripzones\\src\\components\\Header.js","statementMap":{"0":{"start":{"line":8,"column":15},"end":{"line":81,"column":1}},"1":{"start":{"line":9,"column":34},"end":{"line":9,"column":51}},"2":{"start":{"line":10,"column":23},"end":{"line":10,"column":40}},"3":{"start":{"line":11,"column":27},"end":{"line":11,"column":50}},"4":{"start":{"line":14,"column":15},"end":{"line":14,"column":55}},"5":{"start":{"line":14,"column":38},"end":{"line":14,"column":54}},"6":{"start":{"line":16,"column":2},"end":{"line":80,"column":4}},"7":{"start":{"line":63,"column":14},"end":{"line":65,"column":39}}},"fnMap":{"0":{"name":"(anonymous_0)","decl":{"start":{"line":8,"column":15},"end":{"line":8,"column":16}},"loc":{"start":{"line":8,"column":21},"end":{"line":81,"column":1}},"line":8},"1":{"name":"(anonymous_1)","decl":{"start":{"line":14,"column":27},"end":{"line":14,"column":28}},"loc":{"start":{"line":14,"column":38},"end":{"line":14,"column":54}},"line":14},"2":{"name":"(anonymous_2)","decl":{"start":{"line":62,"column":21},"end":{"line":62,"column":22}},"loc":{"start":{"line":62,"column":27},"end":{"line":66,"column":13}},"line":62}},"branchMap":{"0":{"loc":{"start":{"line":26,"column":34},"end":{"line":26,"column":60}},"type":"cond-expr","locations":[{"start":{"line":26,"column":49},"end":{"line":26,"column":53}},{"start":{"line":26,"column":56},"end":{"line":26,"column":60}}],"line":26},"1":{"loc":{"start":{"line":63,"column":14},"end":{"line":65,"column":38}},"type":"cond-expr","locations":[{"start":{"line":64,"column":18},"end":{"line":64,"column":39}},{"start":{"line":65,"column":18},"end":{"line":65,"column":38}}],"line":63}},"s":{"0":2,"1":8,"2":8,"3":8,"4":8,"5":15,"6":8,"7":1},"f":{"0":8,"1":15,"2":1},"b":{"0":[8,0],"1":[1,0]},"_coverageSchema":"1a1c01bbd47fc00a2c39e90264f33305004495a9","hash":"f7239cb2fc8d22f1ca4b2a42e1ce8478c0c92390"}
,"D:\\Tripzones\\src\\components\\ItemList.js": {"path":"D:\\Tripzones\\src\\components\\ItemList.js","statementMap":{"0":{"start":{"line":4,"column":17},"end":{"line":51,"column":1}},"1":{"start":{"line":6,"column":19},"end":{"line":6,"column":32}},"2":{"start":{"line":7,"column":28},"end":{"line":10,"column":3}},"3":{"start":{"line":8,"column":4},"end":{"line":8,"column":28}},"4":{"start":{"line":9,"column":4},"end":{"line":9,"column":22}},"5":{"start":{"line":11,"column":2},"end":{"line":50,"column":4}},"6":{"start":{"line":14,"column":8},"end":{"line":47,"column":14}},"7":{"start":{"line":32,"column":35},"end":{"line":32,"column":56}}},"fnMap":{"0":{"name":"(anonymous_0)","decl":{"start":{"line":4,"column":17},"end":{"line":4,"column":18}},"loc":{"start":{"line":4,"column":32},"end":{"line":51,"column":1}},"line":4},"1":{"name":"(anonymous_1)","decl":{"start":{"line":7,"column":28},"end":{"line":7,"column":29}},"loc":{"start":{"line":7,"column":38},"end":{"line":10,"column":3}},"line":7},"2":{"name":"(anonymous_2)","decl":{"start":{"line":13,"column":17},"end":{"line":13,"column":18}},"loc":{"start":{"line":14,"column":8},"end":{"line":47,"column":14}},"line":14},"3":{"name":"(anonymous_3)","decl":{"start":{"line":32,"column":29},"end":{"line":32,"column":30}},"loc":{"start":{"line":32,"column":35},"end":{"line":32,"column":56}},"line":32}},"branchMap":{"0":{"loc":{"start":{"line":25,"column":19},"end":{"line":25,"column":78}},"type":"binary-expr","locations":[{"start":{"line":25,"column":19},"end":{"line":25,"column":50}},{"start":{"line":25,"column":54},"end":{"line":25,"column":78}}],"line":25}},"s":{"0":1,"1":3,"2":3,"3":2,"4":2,"5":3,"6":22,"7":2},"f":{"0":3,"1":2,"2":22,"3":2},"b":{"0":[22,22]},"_coverageSchema":"1a1c01bbd47fc00a2c39e90264f33305004495a9","hash":"925b83388c9356a50e9b8820d272c1c23e732ead"}
,"D:\\Tripzones\\src\\components\\RestaurantCard.js": {"path":"D:\\Tripzones\\src\\components\\RestaurantCard.js","statementMap":{"0":{"start":{"line":4,"column":23},"end":{"line":37,"column":1}},"1":{"start":{"line":5,"column":22},"end":{"line":5,"column":27}},"2":{"start":{"line":9,"column":4},"end":{"line":9,"column":17}},"3":{"start":{"line":10,"column":27},"end":{"line":10,"column":50}},"4":{"start":{"line":12,"column":2},"end":{"line":36,"column":4}},"5":{"start":{"line":39,"column":28},"end":{"line":50,"column":1}},"6":{"start":{"line":40,"column":2},"end":{"line":49,"column":4}},"7":{"start":{"line":41,"column":4},"end":{"line":48,"column":6}}},"fnMap":{"0":{"name":"(anonymous_0)","decl":{"start":{"line":4,"column":23},"end":{"line":4,"column":24}},"loc":{"start":{"line":4,"column":34},"end":{"line":37,"column":1}},"line":4},"1":{"name":"(anonymous_1)","decl":{"start":{"line":39,"column":28},"end":{"line":39,"column":29}},"loc":{"start":{"line":39,"column":48},"end":{"line":50,"column":1}},"line":39},"2":{"name":"(anonymous_2)","decl":{"start":{"line":40,"column":9},"end":{"line":40,"column":10}},"loc":{"start":{"line":40,"column":20},"end":{"line":49,"column":3}},"line":40}},"branchMap":{},"s":{"0":2,"1":82,"2":82,"3":82,"4":82,"5":2,"6":7,"7":0},"f":{"0":82,"1":7,"2":0},"b":{},"_coverageSchema":"1a1c01bbd47fc00a2c39e90264f33305004495a9","hash":"ea1246132ee8c2a1614c08877d31acd56139607f"}
,"D:\\Tripzones\\src\\components\\RestaurantMenu.js": {"path":"D:\\Tripzones\\src\\components\\RestaurantMenu.js","statementMap":{"0":{"start":{"line":7,"column":23},"end":{"line":64,"column":1}},"1":{"start":{"line":8,"column":20},"end":{"line":8,"column":31}},"2":{"start":{"line":9,"column":18},"end":{"line":9,"column":42}},"3":{"start":{"line":11,"column":36},"end":{"line":11,"column":50}},"4":{"start":{"line":13,"column":2},"end":{"line":13,"column":43}},"5":{"start":{"line":13,"column":24},"end":{"line":13,"column":43}},"6":{"start":{"line":16,"column":4},"end":{"line":16,"column":39}},"7":{"start":{"line":19,"column":4},"end":{"line":19,"column":79}},"8":{"start":{"line":23,"column":4},"end":{"line":27,"column":5}},"9":{"start":{"line":25,"column":8},"end":{"line":26,"column":70}},"10":{"start":{"line":31,"column":26},"end":{"line":33,"column":3}},"11":{"start":{"line":32,"column":4},"end":{"line":32,"column":59}},"12":{"start":{"line":32,"column":28},"end":{"line":32,"column":56}},"13":{"start":{"line":35,"column":2},"end":{"line":63,"column":4}},"14":{"start":{"line":41,"column":8},"end":{"line":48,"column":10}},"15":{"start":{"line":46,"column":12},"end":{"line":46,"column":66}},"16":{"start":{"line":46,"column":36},"end":{"line":46,"column":64}}},"fnMap":{"0":{"name":"(anonymous_0)","decl":{"start":{"line":7,"column":23},"end":{"line":7,"column":24}},"loc":{"start":{"line":7,"column":29},"end":{"line":64,"column":1}},"line":7},"1":{"name":"(anonymous_1)","decl":{"start":{"line":24,"column":6},"end":{"line":24,"column":7}},"loc":{"start":{"line":25,"column":8},"end":{"line":26,"column":70}},"line":25},"2":{"name":"(anonymous_2)","decl":{"start":{"line":31,"column":26},"end":{"line":31,"column":27}},"loc":{"start":{"line":31,"column":37},"end":{"line":33,"column":3}},"line":31},"3":{"name":"(anonymous_3)","decl":{"start":{"line":32,"column":17},"end":{"line":32,"column":18}},"loc":{"start":{"line":32,"column":28},"end":{"line":32,"column":56}},"line":32},"4":{"name":"(anonymous_4)","decl":{"start":{"line":39,"column":22},"end":{"line":39,"column":23}},"loc":{"start":{"line":41,"column":8},"end":{"line":48,"column":10}},"line":41},"5":{"name":"(anonymous_5)","decl":{"start":{"line":45,"column":24},"end":{"line":45,"column":25}},"loc":{"start":{"line":46,"column":12},"end":{"line":46,"column":66}},"line":46},"6":{"name":"(anonymous_6)","decl":{"start":{"line":46,"column":25},"end":{"line":46,"column":26}},"loc":{"start":{"line":46,"column":36},"end":{"line":46,"column":64}},"line":46}},"branchMap":{"0":{"loc":{"start":{"line":13,"column":2},"end":{"line":13,"column":43}},"type":"if","locations":[{"start":{"line":13,"column":2},"end":{"line":13,"column":43}},{"start":{},"end":{}}],"line":13},"1":{"loc":{"start":{"line":32,"column":28},"end":{"line":32,"column":56}},"type":"cond-expr","locations":[{"start":{"line":32,"column":44},"end":{"line":32,"column":48}},{"start":{"line":32,"column":51},"end":{"line":32,"column":56}}],"line":32},"2":{"loc":{"start":{"line":44,"column":21},"end":{"line":44,"column":55}},"type":"cond-expr","locations":[{"start":{"line":44,"column":43},"end":{"line":44,"column":47}},{"start":{"line":44,"column":50},"end":{"line":44,"column":55}}],"line":44},"3":{"loc":{"start":{"line":46,"column":36},"end":{"line":46,"column":64}},"type":"cond-expr","locations":[{"start":{"line":46,"column":52},"end":{"line":46,"column":56}},{"start":{"line":46,"column":59},"end":{"line":46,"column":64}}],"line":46}},"s":{"0":1,"1":3,"2":3,"3":3,"4":3,"5":1,"6":2,"7":2,"8":2,"9":38,"10":2,"11":0,"12":0,"13":2,"14":30,"15":1,"16":1},"f":{"0":3,"1":38,"2":0,"3":0,"4":30,"5":1,"6":1},"b":{"0":[1,2],"1":[0,0],"2":[1,29],"3":[0,1]},"_coverageSchema":"1a1c01bbd47fc00a2c39e90264f33305004495a9","hash":"9ae0dcea7b379a93fe918e32508b740d29360f0d"}
,"D:\\Tripzones\\src\\utils\\appStore.js": {"path":"D:\\Tripzones\\src\\utils\\appStore.js","statementMap":{"0":{"start":{"line":3,"column":17},"end":{"line":7,"column":2}}},"fnMap":{},"branchMap":{},"s":{"0":2},"f":{},"b":{},"_coverageSchema":"1a1c01bbd47fc00a2c39e90264f33305004495a9","hash":"f7c71de835c5160b7f112c999da2b750a3cd8c8f"}
,"D:\\Tripzones\\src\\utils\\mocdatafortest.js": {"path":"D:\\Tripzones\\src\\utils\\mocdatafortest.js","statementMap":{"0":{"start":{"line":1,"column":17},"end":{"line":89,"column":1}}},"fnMap":{},"branchMap":{},"s":{"0":1},"f":{},"b":{},"_coverageSchema":"1a1c01bbd47fc00a2c39e90264f33305004495a9","hash":"eb93145398c4e3169bfd0fc3d5e8f8842aad0ffa"}
,"D:\\Tripzones\\src\\utils\\mockfetchdata.js": {"path":"D:\\Tripzones\\src\\utils\\mockfetchdata.js","statementMap":{"0":{"start":{"line":1,"column":24},"end":{"line":7097,"column":1}}},"fnMap":{},"branchMap":{},"s":{"0":1},"f":{},"b":{},"_coverageSchema":"1a1c01bbd47fc00a2c39e90264f33305004495a9","hash":"86ade0e20d095bed433207cfd079732f94a6ffea"}
,"D:\\Tripzones\\src\\utils\\useRestaurantMenu.js": {"path":"D:\\Tripzones\\src\\utils\\useRestaurantMenu.js","statementMap":{"0":{"start":{"line":3,"column":26},"end":{"line":17,"column":1}},"1":{"start":{"line":4,"column":32},"end":{"line":4,"column":46}},"2":{"start":{"line":5,"column":2},"end":{"line":7,"column":9}},"3":{"start":{"line":6,"column":4},"end":{"line":6,"column":16}},"4":{"start":{"line":9,"column":20},"end":{"line":15,"column":3}},"5":{"start":{"line":10,"column":17},"end":{"line":10,"column":46}},"6":{"start":{"line":11,"column":21},"end":{"line":11,"column":38}},"7":{"start":{"line":14,"column":4},"end":{"line":14,"column":30}},"8":{"start":{"line":16,"column":2},"end":{"line":16,"column":17}}},"fnMap":{"0":{"name":"(anonymous_0)","decl":{"start":{"line":3,"column":26},"end":{"line":3,"column":27}},"loc":{"start":{"line":3,"column":37},"end":{"line":17,"column":1}},"line":3},"1":{"name":"(anonymous_1)","decl":{"start":{"line":5,"column":12},"end":{"line":5,"column":13}},"loc":{"start":{"line":5,"column":18},"end":{"line":7,"column":3}},"line":5},"2":{"name":"(anonymous_2)","decl":{"start":{"line":9,"column":20},"end":{"line":9,"column":21}},"loc":{"start":{"line":9,"column":32},"end":{"line":15,"column":3}},"line":9}},"branchMap":{},"s":{"0":1,"1":3,"2":3,"3":1,"4":3,"5":1,"6":1,"7":1,"8":3},"f":{"0":3,"1":1,"2":1},"b":{},"_coverageSchema":"1a1c01bbd47fc00a2c39e90264f33305004495a9","hash":"7a8640f8a84f421ba19061c866f5b60e77e6b133"}
}
