TN:
SF:src\components\Body.js
FN:9,(anonymous_0)
FN:16,(anonymous_1)
FN:20,(anonymous_2)
FN:51,(anonymous_3)
FN:57,(anonymous_4)
FN:61,(anonymous_5)
FN:73,(anonymous_6)
FN:75,(anonymous_7)
FN:86,(anonymous_8)
FN:110,(anonymous_9)
FN:112,(anonymous_10)
FN:129,(anonymous_11)
FN:131,(anonymous_12)
FN:143,(anonymous_13)
FNF:14
FNH:9
FNDA:7,(anonymous_0)
FNDA:2,(anonymous_1)
FNDA:2,(anonymous_2)
FNDA:1,(anonymous_3)
FNDA:1,(anonymous_4)
FNDA:20,(anonymous_5)
FNDA:1,(anonymous_6)
FNDA:20,(anonymous_7)
FNDA:0,(anonymous_8)
FNDA:0,(anonymous_9)
FNDA:0,(anonymous_10)
FNDA:0,(anonymous_11)
FNDA:0,(anonymous_12)
FNDA:81,(anonymous_13)
DA:9,1
DA:10,7
DA:11,7
DA:12,7
DA:16,7
DA:17,2
DA:20,7
DA:21,2
DA:24,2
DA:26,2
DA:30,2
DA:35,7
DA:36,7
DA:37,7
DA:38,7
DA:40,7
DA:52,1
DA:61,1
DA:62,20
DA:64,1
DA:74,1
DA:75,20
DA:77,1
DA:87,0
DA:111,0
DA:112,0
DA:113,0
DA:115,0
DA:130,0
DA:131,0
DA:132,0
DA:134,0
DA:144,81
LF:33
LH:24
BRDA:37,0,0,0
BRDA:37,0,1,7
BRDA:40,1,0,2
BRDA:40,1,1,5
BRDA:113,2,0,0
BRDA:113,2,1,0
BRDA:132,3,0,0
BRDA:132,3,1,0
BRDA:149,4,0,0
BRDA:149,4,1,81
BRF:10
BRH:4
end_of_record
TN:
SF:src\components\Cart.js
FN:5,(anonymous_0)
FN:6,(anonymous_1)
FN:8,(anonymous_2)
FNF:3
FNH:3
FNDA:4,(anonymous_0)
FNDA:8,(anonymous_1)
FNDA:1,(anonymous_2)
DA:5,1
DA:6,8
DA:7,4
DA:8,4
DA:9,1
DA:11,4
LF:6
LH:6
BRDA:24,0,0,2
BRDA:24,0,1,2
BRF:2
BRH:2
end_of_record
TN:
SF:src\components\Contact.js
FN:3,(anonymous_0)
FNF:1
FNH:1
FNDA:3,(anonymous_0)
DA:3,1
DA:4,3
LF:2
LH:2
BRF:0
BRH:0
end_of_record
TN:
SF:src\components\Header.js
FN:8,(anonymous_0)
FN:14,(anonymous_1)
FN:62,(anonymous_2)
FNF:3
FNH:3
FNDA:8,(anonymous_0)
FNDA:15,(anonymous_1)
FNDA:1,(anonymous_2)
DA:8,2
DA:9,8
DA:10,8
DA:11,8
DA:14,15
DA:16,8
DA:63,1
LF:7
LH:7
BRDA:26,0,0,8
BRDA:26,0,1,0
BRDA:63,1,0,1
BRDA:63,1,1,0
BRF:4
BRH:2
end_of_record
TN:
SF:src\components\ItemList.js
FN:4,(anonymous_0)
FN:7,(anonymous_1)
FN:13,(anonymous_2)
FN:32,(anonymous_3)
FNF:4
FNH:4
FNDA:3,(anonymous_0)
FNDA:2,(anonymous_1)
FNDA:22,(anonymous_2)
FNDA:2,(anonymous_3)
DA:4,1
DA:6,3
DA:7,3
DA:8,2
DA:9,2
DA:11,3
DA:14,22
DA:32,2
LF:8
LH:8
BRDA:25,0,0,22
BRDA:25,0,1,22
BRF:2
BRH:2
end_of_record
TN:
SF:src\components\RestaurantCard.js
FN:4,(anonymous_0)
FN:39,(anonymous_1)
FN:40,(anonymous_2)
FNF:3
FNH:2
FNDA:82,(anonymous_0)
FNDA:7,(anonymous_1)
FNDA:0,(anonymous_2)
DA:4,2
DA:5,82
DA:9,82
DA:10,82
DA:12,82
DA:39,2
DA:40,7
DA:41,0
LF:8
LH:7
BRF:0
BRH:0
end_of_record
TN:
SF:src\components\RestaurantMenu.js
FN:7,(anonymous_0)
FN:24,(anonymous_1)
FN:31,(anonymous_2)
FN:32,(anonymous_3)
FN:39,(anonymous_4)
FN:45,(anonymous_5)
FN:46,(anonymous_6)
FNF:7
FNH:5
FNDA:3,(anonymous_0)
FNDA:38,(anonymous_1)
FNDA:0,(anonymous_2)
FNDA:0,(anonymous_3)
FNDA:30,(anonymous_4)
FNDA:1,(anonymous_5)
FNDA:1,(anonymous_6)
DA:7,1
DA:8,3
DA:9,3
DA:11,3
DA:13,3
DA:16,2
DA:19,2
DA:23,2
DA:25,38
DA:31,2
DA:32,0
DA:35,2
DA:41,30
DA:46,1
LF:14
LH:13
BRDA:13,0,0,1
BRDA:13,0,1,2
BRDA:32,1,0,0
BRDA:32,1,1,0
BRDA:44,2,0,1
BRDA:44,2,1,29
BRDA:46,3,0,0
BRDA:46,3,1,1
BRF:8
BRH:5
end_of_record
TN:
SF:src\utils\appStore.js
FNF:0
FNH:0
DA:3,2
LF:1
LH:1
BRF:0
BRH:0
end_of_record
TN:
SF:src\utils\mocdatafortest.js
FNF:0
FNH:0
DA:1,1
LF:1
LH:1
BRF:0
BRH:0
end_of_record
TN:
SF:src\utils\mockfetchdata.js
FNF:0
FNH:0
DA:1,1
LF:1
LH:1
BRF:0
BRH:0
end_of_record
TN:
SF:src\utils\useRestaurantMenu.js
FN:3,(anonymous_0)
FN:5,(anonymous_1)
FN:9,(anonymous_2)
FNF:3
FNH:3
FNDA:3,(anonymous_0)
FNDA:1,(anonymous_1)
FNDA:1,(anonymous_2)
DA:3,1
DA:4,3
DA:5,3
DA:6,1
DA:9,3
DA:10,1
DA:11,1
DA:14,1
DA:16,3
LF:9
LH:9
BRF:0
BRH:0
end_of_record
